[2024-02-09 11:00:30.969] [pxr_streamer] [info] ***********  Log Begin **********
[2024-02-09 11:00:30.969] [pxr_streamer] [info] process id= 38948
[2024-02-09 11:00:30.969] [pxr_streamer] [info] [38948|29712]driver_impl.cpp:22 DriverImpl: Driver created, this= 0x12dd93af300
[2024-02-09 11:00:30.969] [pxr_streamer] [debug] [38948|29712]streaming_driver_interface_impl.cpp:20 StreamingDriverInterfaceImpl: callback= 0x12e2c67a6a0, this= 0x12e6b6712f0
[2024-02-09 11:00:30.969] [pxr_streamer] [debug] [38948|29712]streaming_driver_interface_impl.cpp:117 SetTrackingOrigin: tracking origin= Undefined, this= 0x12e6b6712f0
[2024-02-09 11:00:30.969] [pxr_streamer] [error] [38948|29712]streaming_driver_interface_impl.cpp:119 SetTrackingOrigin: "not connected", connect_state_ != DriverConnectState::kRpcConnected, this= 0x12e6b6712f0
[2024-02-09 11:00:30.969] [pxr_streamer] [info] [38948|29712]streaming_driver_interface_impl.cpp:39 ConnectToService: connect to service, this= 0x12e6b6712f0
[2024-02-09 11:00:30.969] [pxr_streamer] [debug] [38948|45228]streaming_driver_interface_impl.cpp:343 InvokeConnectToService: connect to service, this= 0x12e6b6712f0
[2024-02-09 11:00:30.969] [pxr_streamer] [debug] [38948|45228]transport_client_tcp2.cpp:33 Start: buffer size(send\recv): 1048576\1048576, this= 0x12e8180f6e0
[2024-02-09 11:00:30.969] [pxr_streamer] [info] [38948|45228]transport_client_tcp2.cpp:58 Start: server= 127.0.0.1:29000, local=0.0.0.0:0, this= 0x12e8180f6e0
[2024-02-09 11:00:30.970] [pxr_streamer] [info] [38948|41028]streaming_driver_interface_impl.cpp:141 NotifyConnectResult: connect to service, result= 0, this= 0x12e6b6712f0
[2024-02-09 11:00:30.970] [pxr_streamer] [debug] [38948|41028]transport_client_tcp2.cpp:161 HandleConnect: local= 127.0.0.1:56389, this= 0x12e8180f6e0
[2024-02-09 11:00:30.970] [pxr_streamer] [debug] [38948|45228]streaming_driver_interface_impl.cpp:444 HandleTransportConnect: connect success, this= 0x12e6b6712f0
[2024-02-09 11:00:30.970] [pxr_streamer] [info] [38948|45228]driver_impl.cpp:59 Connect: send connect request : { id = mxIzdtje, timestamp = 322369395, from = Driver, to = SRS, connection info : {id: "nTkAJw5fJjCZtEcf\000" name: "Streaming Driver SDK\000" module_version: "1.1.1.1\000" protocol_version: "1.0.0.0\000"} }, this= 0x12dd93af300
[2024-02-09 11:00:30.971] [pxr_streamer] [info] [38948|45228]streaming_driver_interface_impl.cpp:332 StartRpcConnect: driver id= nTkAJw5fJjCZtEcf, this= 0x12e6b6712f0
[2024-02-09 11:00:30.972] [pxr_streamer] [info] [38948|45228]driver_impl.cpp:650 ProcessResponseMessage: received connect response : { id = ynGxWVXo, timestamp = 322369396, from = SRS, to = Driver, req_id = mxIzdtje, result_code = 1 }, this= 0x12dd93af300
[2024-02-09 11:00:30.972] [pxr_streamer] [debug] [38948|45228]streaming_driver_interface_impl.cpp:174 NotifyDriverConnectResult: result= 0, this= 0x12e6b6712f0
[2024-02-09 11:00:30.974] [pxr_streamer] [info] [38948|29712]streaming_driver_interface_impl.cpp:62 StartStreaming: (1920,1920), fps= 72, this= 0x12e6b6712f0
[2024-02-09 11:00:30.974] [pxr_streamer] [error] [38948|29712]streaming_driver_interface_impl.cpp:65 StartStreaming: "device not connected", !device_connected_, this= 0x12e6b6712f0
[2024-02-09 11:00:38.999] [pxr_streamer] [info] [38948|29712]streaming_driver_interface_impl.cpp:53 DisconnectFromService: disconnect from service, this= 0x12e6b6712f0
[2024-02-09 11:00:38.999] [pxr_streamer] [debug] [38948|45228]streaming_driver_interface_impl.cpp:374 InvokeDisconnectFromService: disconnect from service, this= 0x12e6b6712f0
[2024-02-09 11:00:38.999] [pxr_streamer] [info] [38948|45228]driver_impl.cpp:81 Disconnect: send disconnect request : { id = DbUztdLJ, timestamp = 322377423, from = Driver, to = SRS }, this= 0x12dd93af300
[2024-02-09 11:00:38.999] [pxr_streamer] [debug] [38948|45228]transport_client_tcp2.cpp:73 Stop: called, this= 0x12e8180f6e0
[2024-02-09 11:00:39.000] [pxr_streamer] [error] [38948|41028]transport_client_tcp2.cpp:116 operator (): recv error= 1236, msg= La connexion réseau a été arrêtée par le système local., this= 0x12e8180f6e0
[2024-02-09 11:00:39.000] [pxr_streamer] [error] [38948|41028]transport_client_tcp2.cpp:129 HandleReceiveData: has been disconnected, this= 0x12e8180f6e0
[2024-02-09 11:00:39.000] [pxr_streamer] [error] [38948|41028]transport_client_tcp2.cpp:105 StartAyncRecv: has been disconnected, this= 0x12e8180f6e0
